{"C:\\Users\\15071\\Documents\\大数据面板\\FrontEnd\\src\\api\\index.js": {"path":"C:\\Users\\15071\\Documents\\大数据面板\\FrontEnd\\src\\api\\index.js","all":false,"statementMap":{"0":{"start":{"line":1,"column":0},"end":{"line":1,"column":43}},"1":{"start":{"line":2,"column":0},"end":{"line":2,"column":0}},"2":{"start":{"line":3,"column":0},"end":{"line":3,"column":20}},"3":{"start":{"line":4,"column":0},"end":{"line":4,"column":10}},"4":{"start":{"line":5,"column":0},"end":{"line":5,"column":43}},"5":{"start":{"line":6,"column":0},"end":{"line":6,"column":49}},"6":{"start":{"line":7,"column":0},"end":{"line":7,"column":51}},"7":{"start":{"line":8,"column":0},"end":{"line":8,"column":60}},"8":{"start":{"line":9,"column":0},"end":{"line":9,"column":51}},"9":{"start":{"line":10,"column":0},"end":{"line":10,"column":72}},"10":{"start":{"line":11,"column":0},"end":{"line":11,"column":55}},"11":{"start":{"line":12,"column":0},"end":{"line":12,"column":68}},"12":{"start":{"line":13,"column":0},"end":{"line":13,"column":113}},"13":{"start":{"line":14,"column":0},"end":{"line":14,"column":80}},"14":{"start":{"line":15,"column":0},"end":{"line":15,"column":48}},"15":{"start":{"line":16,"column":0},"end":{"line":16,"column":75}},"16":{"start":{"line":17,"column":0},"end":{"line":17,"column":4}},"17":{"start":{"line":18,"column":0},"end":{"line":18,"column":2}},"18":{"start":{"line":19,"column":0},"end":{"line":19,"column":14}},"19":{"start":{"line":20,"column":0},"end":{"line":20,"column":47}},"20":{"start":{"line":21,"column":0},"end":{"line":21,"column":53}},"21":{"start":{"line":22,"column":0},"end":{"line":22,"column":55}},"22":{"start":{"line":23,"column":0},"end":{"line":23,"column":64}},"23":{"start":{"line":24,"column":0},"end":{"line":24,"column":55}},"24":{"start":{"line":25,"column":0},"end":{"line":25,"column":76}},"25":{"start":{"line":26,"column":0},"end":{"line":26,"column":59}},"26":{"start":{"line":27,"column":0},"end":{"line":27,"column":64}},"27":{"start":{"line":28,"column":0},"end":{"line":28,"column":80}},"28":{"start":{"line":29,"column":0},"end":{"line":29,"column":137}},"29":{"start":{"line":30,"column":0},"end":{"line":30,"column":60}},"30":{"start":{"line":31,"column":0},"end":{"line":31,"column":4}},"31":{"start":{"line":32,"column":0},"end":{"line":32,"column":2}},"32":{"start":{"line":33,"column":0},"end":{"line":33,"column":14}},"33":{"start":{"line":34,"column":0},"end":{"line":34,"column":47}},"34":{"start":{"line":35,"column":0},"end":{"line":35,"column":53}},"35":{"start":{"line":36,"column":0},"end":{"line":36,"column":55}},"36":{"start":{"line":37,"column":0},"end":{"line":37,"column":64}},"37":{"start":{"line":38,"column":0},"end":{"line":38,"column":55}},"38":{"start":{"line":39,"column":0},"end":{"line":39,"column":76}},"39":{"start":{"line":40,"column":0},"end":{"line":40,"column":59}},"40":{"start":{"line":41,"column":0},"end":{"line":41,"column":88}},"41":{"start":{"line":42,"column":0},"end":{"line":42,"column":80}},"42":{"start":{"line":43,"column":0},"end":{"line":43,"column":59}},"43":{"start":{"line":44,"column":0},"end":{"line":44,"column":80}},"44":{"start":{"line":45,"column":0},"end":{"line":45,"column":77}},"45":{"start":{"line":46,"column":0},"end":{"line":46,"column":72}},"46":{"start":{"line":47,"column":0},"end":{"line":47,"column":4}},"47":{"start":{"line":48,"column":0},"end":{"line":48,"column":2}},"48":{"start":{"line":49,"column":0},"end":{"line":49,"column":13}},"49":{"start":{"line":50,"column":0},"end":{"line":50,"column":46}},"50":{"start":{"line":51,"column":0},"end":{"line":51,"column":52}},"51":{"start":{"line":52,"column":0},"end":{"line":52,"column":54}},"52":{"start":{"line":53,"column":0},"end":{"line":53,"column":63}},"53":{"start":{"line":54,"column":0},"end":{"line":54,"column":54}},"54":{"start":{"line":55,"column":0},"end":{"line":55,"column":75}},"55":{"start":{"line":56,"column":0},"end":{"line":56,"column":58}},"56":{"start":{"line":57,"column":0},"end":{"line":57,"column":63}},"57":{"start":{"line":58,"column":0},"end":{"line":58,"column":75}},"58":{"start":{"line":59,"column":0},"end":{"line":59,"column":61}},"59":{"start":{"line":60,"column":0},"end":{"line":60,"column":4}},"60":{"start":{"line":61,"column":0},"end":{"line":61,"column":2}},"61":{"start":{"line":62,"column":0},"end":{"line":62,"column":13}},"62":{"start":{"line":63,"column":0},"end":{"line":63,"column":46}},"63":{"start":{"line":64,"column":0},"end":{"line":64,"column":52}},"64":{"start":{"line":65,"column":0},"end":{"line":65,"column":54}},"65":{"start":{"line":66,"column":0},"end":{"line":66,"column":63}},"66":{"start":{"line":67,"column":0},"end":{"line":67,"column":54}},"67":{"start":{"line":68,"column":0},"end":{"line":68,"column":75}},"68":{"start":{"line":69,"column":0},"end":{"line":69,"column":58}},"69":{"start":{"line":70,"column":0},"end":{"line":70,"column":63}},"70":{"start":{"line":71,"column":0},"end":{"line":71,"column":75}},"71":{"start":{"line":72,"column":0},"end":{"line":72,"column":69}},"72":{"start":{"line":73,"column":0},"end":{"line":73,"column":4}},"73":{"start":{"line":74,"column":0},"end":{"line":74,"column":2}},"74":{"start":{"line":75,"column":0},"end":{"line":75,"column":14}},"75":{"start":{"line":76,"column":0},"end":{"line":76,"column":47}},"76":{"start":{"line":77,"column":0},"end":{"line":77,"column":53}},"77":{"start":{"line":78,"column":0},"end":{"line":78,"column":72}},"78":{"start":{"line":79,"column":0},"end":{"line":79,"column":55}},"79":{"start":{"line":80,"column":0},"end":{"line":80,"column":64}},"80":{"start":{"line":81,"column":0},"end":{"line":81,"column":55}},"81":{"start":{"line":82,"column":0},"end":{"line":82,"column":76}},"82":{"start":{"line":83,"column":0},"end":{"line":83,"column":59}},"83":{"start":{"line":84,"column":0},"end":{"line":84,"column":68}},"84":{"start":{"line":85,"column":0},"end":{"line":85,"column":93}},"85":{"start":{"line":86,"column":0},"end":{"line":86,"column":52}},"86":{"start":{"line":87,"column":0},"end":{"line":87,"column":77}},"87":{"start":{"line":88,"column":0},"end":{"line":88,"column":4}},"88":{"start":{"line":89,"column":0},"end":{"line":89,"column":2}},"89":{"start":{"line":90,"column":0},"end":{"line":90,"column":13}},"90":{"start":{"line":91,"column":0},"end":{"line":91,"column":46}},"91":{"start":{"line":92,"column":0},"end":{"line":92,"column":52}},"92":{"start":{"line":93,"column":0},"end":{"line":93,"column":54}},"93":{"start":{"line":94,"column":0},"end":{"line":94,"column":63}},"94":{"start":{"line":95,"column":0},"end":{"line":95,"column":54}},"95":{"start":{"line":96,"column":0},"end":{"line":96,"column":75}},"96":{"start":{"line":97,"column":0},"end":{"line":97,"column":68}},"97":{"start":{"line":98,"column":0},"end":{"line":98,"column":72}},"98":{"start":{"line":99,"column":0},"end":{"line":99,"column":82}},"99":{"start":{"line":100,"column":0},"end":{"line":100,"column":74}},"100":{"start":{"line":101,"column":0},"end":{"line":101,"column":4}},"101":{"start":{"line":102,"column":0},"end":{"line":102,"column":2}},"102":{"start":{"line":103,"column":0},"end":{"line":103,"column":15}},"103":{"start":{"line":104,"column":0},"end":{"line":104,"column":48}},"104":{"start":{"line":105,"column":0},"end":{"line":105,"column":54}},"105":{"start":{"line":106,"column":0},"end":{"line":106,"column":56}},"106":{"start":{"line":107,"column":0},"end":{"line":107,"column":65}},"107":{"start":{"line":108,"column":0},"end":{"line":108,"column":56}},"108":{"start":{"line":109,"column":0},"end":{"line":109,"column":76}},"109":{"start":{"line":110,"column":0},"end":{"line":110,"column":4}},"110":{"start":{"line":111,"column":0},"end":{"line":111,"column":2}},"111":{"start":{"line":112,"column":0},"end":{"line":112,"column":7}},"112":{"start":{"line":113,"column":0},"end":{"line":113,"column":70}},"113":{"start":{"line":114,"column":0},"end":{"line":114,"column":3}},"114":{"start":{"line":115,"column":0},"end":{"line":115,"column":1}},"115":{"start":{"line":116,"column":0},"end":{"line":116,"column":0}},"116":{"start":{"line":117,"column":0},"end":{"line":117,"column":18}}},"s":{"0":1,"1":1,"2":1,"3":1,"4":1,"5":1,"6":1,"7":1,"8":1,"9":1,"10":1,"11":1,"12":1,"13":1,"14":1,"15":1,"16":1,"17":1,"18":1,"19":1,"20":1,"21":1,"22":1,"23":1,"24":1,"25":1,"26":1,"27":1,"28":1,"29":1,"30":1,"31":1,"32":1,"33":1,"34":1,"35":1,"36":1,"37":1,"38":1,"39":1,"40":1,"41":1,"42":1,"43":1,"44":1,"45":1,"46":1,"47":1,"48":1,"49":1,"50":1,"51":1,"52":1,"53":1,"54":1,"55":1,"56":1,"57":1,"58":1,"59":1,"60":1,"61":1,"62":1,"63":1,"64":1,"65":1,"66":1,"67":1,"68":1,"69":1,"70":1,"71":1,"72":1,"73":1,"74":1,"75":1,"76":1,"77":1,"78":1,"79":1,"80":1,"81":1,"82":1,"83":1,"84":1,"85":1,"86":1,"87":1,"88":1,"89":1,"90":1,"91":1,"92":1,"93":1,"94":1,"95":1,"96":1,"97":1,"98":1,"99":1,"100":1,"101":1,"102":1,"103":1,"104":1,"105":1,"106":1,"107":1,"108":1,"109":1,"110":1,"111":1,"112":1,"113":1,"114":1,"115":1,"116":1},"branchMap":{"0":{"type":"branch","line":5,"loc":{"start":{"line":5,"column":10},"end":{"line":5,"column":42}},"locations":[{"start":{"line":5,"column":10},"end":{"line":5,"column":42}}]},"1":{"type":"branch","line":6,"loc":{"start":{"line":6,"column":13},"end":{"line":6,"column":48}},"locations":[{"start":{"line":6,"column":13},"end":{"line":6,"column":48}}]},"2":{"type":"branch","line":7,"loc":{"start":{"line":7,"column":12},"end":{"line":7,"column":50}},"locations":[{"start":{"line":7,"column":12},"end":{"line":7,"column":50}}]},"3":{"type":"branch","line":8,"loc":{"start":{"line":8,"column":12},"end":{"line":8,"column":59}},"locations":[{"start":{"line":8,"column":12},"end":{"line":8,"column":59}}]},"4":{"type":"branch","line":9,"loc":{"start":{"line":9,"column":12},"end":{"line":9,"column":50}},"locations":[{"start":{"line":9,"column":12},"end":{"line":9,"column":50}}]},"5":{"type":"branch","line":10,"loc":{"start":{"line":10,"column":17},"end":{"line":10,"column":71}},"locations":[{"start":{"line":10,"column":17},"end":{"line":10,"column":71}}]},"6":{"type":"branch","line":11,"loc":{"start":{"line":11,"column":16},"end":{"line":11,"column":54}},"locations":[{"start":{"line":11,"column":16},"end":{"line":11,"column":54}}]},"7":{"type":"branch","line":12,"loc":{"start":{"line":12,"column":17},"end":{"line":12,"column":67}},"locations":[{"start":{"line":12,"column":17},"end":{"line":12,"column":67}}]},"8":{"type":"branch","line":13,"loc":{"start":{"line":13,"column":20},"end":{"line":13,"column":112}},"locations":[{"start":{"line":13,"column":20},"end":{"line":13,"column":112}}]},"9":{"type":"branch","line":14,"loc":{"start":{"line":14,"column":19},"end":{"line":14,"column":79}},"locations":[{"start":{"line":14,"column":19},"end":{"line":14,"column":79}}]},"10":{"type":"branch","line":15,"loc":{"start":{"line":15,"column":14},"end":{"line":15,"column":47}},"locations":[{"start":{"line":15,"column":14},"end":{"line":15,"column":47}}]},"11":{"type":"branch","line":16,"loc":{"start":{"line":16,"column":27},"end":{"line":16,"column":75}},"locations":[{"start":{"line":16,"column":27},"end":{"line":16,"column":75}}]},"12":{"type":"branch","line":20,"loc":{"start":{"line":20,"column":10},"end":{"line":20,"column":46}},"locations":[{"start":{"line":20,"column":10},"end":{"line":20,"column":46}}]},"13":{"type":"branch","line":21,"loc":{"start":{"line":21,"column":13},"end":{"line":21,"column":52}},"locations":[{"start":{"line":21,"column":13},"end":{"line":21,"column":52}}]},"14":{"type":"branch","line":22,"loc":{"start":{"line":22,"column":12},"end":{"line":22,"column":54}},"locations":[{"start":{"line":22,"column":12},"end":{"line":22,"column":54}}]},"15":{"type":"branch","line":23,"loc":{"start":{"line":23,"column":12},"end":{"line":23,"column":63}},"locations":[{"start":{"line":23,"column":12},"end":{"line":23,"column":63}}]},"16":{"type":"branch","line":24,"loc":{"start":{"line":24,"column":12},"end":{"line":24,"column":54}},"locations":[{"start":{"line":24,"column":12},"end":{"line":24,"column":54}}]},"17":{"type":"branch","line":25,"loc":{"start":{"line":25,"column":17},"end":{"line":25,"column":75}},"locations":[{"start":{"line":25,"column":17},"end":{"line":25,"column":75}}]},"18":{"type":"branch","line":26,"loc":{"start":{"line":26,"column":16},"end":{"line":26,"column":58}},"locations":[{"start":{"line":26,"column":16},"end":{"line":26,"column":58}}]},"19":{"type":"branch","line":27,"loc":{"start":{"line":27,"column":15},"end":{"line":27,"column":63}},"locations":[{"start":{"line":27,"column":15},"end":{"line":27,"column":63}}]},"20":{"type":"branch","line":28,"loc":{"start":{"line":28,"column":19},"end":{"line":28,"column":79}},"locations":[{"start":{"line":28,"column":19},"end":{"line":28,"column":79}}]},"21":{"type":"branch","line":29,"loc":{"start":{"line":29,"column":24},"end":{"line":29,"column":136}},"locations":[{"start":{"line":29,"column":24},"end":{"line":29,"column":136}}]},"22":{"type":"branch","line":30,"loc":{"start":{"line":30,"column":18},"end":{"line":30,"column":60}},"locations":[{"start":{"line":30,"column":18},"end":{"line":30,"column":60}}]},"23":{"type":"branch","line":34,"loc":{"start":{"line":34,"column":10},"end":{"line":34,"column":46}},"locations":[{"start":{"line":34,"column":10},"end":{"line":34,"column":46}}]},"24":{"type":"branch","line":35,"loc":{"start":{"line":35,"column":13},"end":{"line":35,"column":52}},"locations":[{"start":{"line":35,"column":13},"end":{"line":35,"column":52}}]},"25":{"type":"branch","line":36,"loc":{"start":{"line":36,"column":12},"end":{"line":36,"column":54}},"locations":[{"start":{"line":36,"column":12},"end":{"line":36,"column":54}}]},"26":{"type":"branch","line":37,"loc":{"start":{"line":37,"column":12},"end":{"line":37,"column":63}},"locations":[{"start":{"line":37,"column":12},"end":{"line":37,"column":63}}]},"27":{"type":"branch","line":38,"loc":{"start":{"line":38,"column":12},"end":{"line":38,"column":54}},"locations":[{"start":{"line":38,"column":12},"end":{"line":38,"column":54}}]},"28":{"type":"branch","line":39,"loc":{"start":{"line":39,"column":17},"end":{"line":39,"column":75}},"locations":[{"start":{"line":39,"column":17},"end":{"line":39,"column":75}}]},"29":{"type":"branch","line":40,"loc":{"start":{"line":40,"column":16},"end":{"line":40,"column":58}},"locations":[{"start":{"line":40,"column":16},"end":{"line":40,"column":58}}]},"30":{"type":"branch","line":41,"loc":{"start":{"line":41,"column":20},"end":{"line":41,"column":87}},"locations":[{"start":{"line":41,"column":20},"end":{"line":41,"column":87}}]},"31":{"type":"branch","line":42,"loc":{"start":{"line":42,"column":18},"end":{"line":42,"column":79}},"locations":[{"start":{"line":42,"column":18},"end":{"line":42,"column":79}}]},"32":{"type":"branch","line":43,"loc":{"start":{"line":43,"column":17},"end":{"line":43,"column":58}},"locations":[{"start":{"line":43,"column":17},"end":{"line":43,"column":58}}]},"33":{"type":"branch","line":44,"loc":{"start":{"line":44,"column":19},"end":{"line":44,"column":79}},"locations":[{"start":{"line":44,"column":19},"end":{"line":44,"column":79}}]},"34":{"type":"branch","line":45,"loc":{"start":{"line":45,"column":26},"end":{"line":45,"column":76}},"locations":[{"start":{"line":45,"column":26},"end":{"line":45,"column":76}}]},"35":{"type":"branch","line":46,"loc":{"start":{"line":46,"column":24},"end":{"line":46,"column":72}},"locations":[{"start":{"line":46,"column":24},"end":{"line":46,"column":72}}]},"36":{"type":"branch","line":50,"loc":{"start":{"line":50,"column":10},"end":{"line":50,"column":45}},"locations":[{"start":{"line":50,"column":10},"end":{"line":50,"column":45}}]},"37":{"type":"branch","line":51,"loc":{"start":{"line":51,"column":13},"end":{"line":51,"column":51}},"locations":[{"start":{"line":51,"column":13},"end":{"line":51,"column":51}}]},"38":{"type":"branch","line":52,"loc":{"start":{"line":52,"column":12},"end":{"line":52,"column":53}},"locations":[{"start":{"line":52,"column":12},"end":{"line":52,"column":53}}]},"39":{"type":"branch","line":53,"loc":{"start":{"line":53,"column":12},"end":{"line":53,"column":62}},"locations":[{"start":{"line":53,"column":12},"end":{"line":53,"column":62}}]},"40":{"type":"branch","line":54,"loc":{"start":{"line":54,"column":12},"end":{"line":54,"column":53}},"locations":[{"start":{"line":54,"column":12},"end":{"line":54,"column":53}}]},"41":{"type":"branch","line":55,"loc":{"start":{"line":55,"column":17},"end":{"line":55,"column":74}},"locations":[{"start":{"line":55,"column":17},"end":{"line":55,"column":74}}]},"42":{"type":"branch","line":56,"loc":{"start":{"line":56,"column":16},"end":{"line":56,"column":57}},"locations":[{"start":{"line":56,"column":16},"end":{"line":56,"column":57}}]},"43":{"type":"branch","line":57,"loc":{"start":{"line":57,"column":15},"end":{"line":57,"column":62}},"locations":[{"start":{"line":57,"column":15},"end":{"line":57,"column":62}}]},"44":{"type":"branch","line":58,"loc":{"start":{"line":58,"column":18},"end":{"line":58,"column":74}},"locations":[{"start":{"line":58,"column":18},"end":{"line":58,"column":74}}]},"45":{"type":"branch","line":59,"loc":{"start":{"line":59,"column":19},"end":{"line":59,"column":61}},"locations":[{"start":{"line":59,"column":19},"end":{"line":59,"column":61}}]},"46":{"type":"branch","line":63,"loc":{"start":{"line":63,"column":10},"end":{"line":63,"column":45}},"locations":[{"start":{"line":63,"column":10},"end":{"line":63,"column":45}}]},"47":{"type":"branch","line":64,"loc":{"start":{"line":64,"column":13},"end":{"line":64,"column":51}},"locations":[{"start":{"line":64,"column":13},"end":{"line":64,"column":51}}]},"48":{"type":"branch","line":65,"loc":{"start":{"line":65,"column":12},"end":{"line":65,"column":53}},"locations":[{"start":{"line":65,"column":12},"end":{"line":65,"column":53}}]},"49":{"type":"branch","line":66,"loc":{"start":{"line":66,"column":12},"end":{"line":66,"column":62}},"locations":[{"start":{"line":66,"column":12},"end":{"line":66,"column":62}}]},"50":{"type":"branch","line":67,"loc":{"start":{"line":67,"column":12},"end":{"line":67,"column":53}},"locations":[{"start":{"line":67,"column":12},"end":{"line":67,"column":53}}]},"51":{"type":"branch","line":68,"loc":{"start":{"line":68,"column":17},"end":{"line":68,"column":74}},"locations":[{"start":{"line":68,"column":17},"end":{"line":68,"column":74}}]},"52":{"type":"branch","line":69,"loc":{"start":{"line":69,"column":16},"end":{"line":69,"column":57}},"locations":[{"start":{"line":69,"column":16},"end":{"line":69,"column":57}}]},"53":{"type":"branch","line":70,"loc":{"start":{"line":70,"column":15},"end":{"line":70,"column":62}},"locations":[{"start":{"line":70,"column":15},"end":{"line":70,"column":62}}]},"54":{"type":"branch","line":71,"loc":{"start":{"line":71,"column":18},"end":{"line":71,"column":74}},"locations":[{"start":{"line":71,"column":18},"end":{"line":71,"column":74}}]},"55":{"type":"branch","line":72,"loc":{"start":{"line":72,"column":23},"end":{"line":72,"column":69}},"locations":[{"start":{"line":72,"column":23},"end":{"line":72,"column":69}}]},"56":{"type":"branch","line":76,"loc":{"start":{"line":76,"column":10},"end":{"line":76,"column":46}},"locations":[{"start":{"line":76,"column":10},"end":{"line":76,"column":46}}]},"57":{"type":"branch","line":77,"loc":{"start":{"line":77,"column":13},"end":{"line":77,"column":52}},"locations":[{"start":{"line":77,"column":13},"end":{"line":77,"column":52}}]},"58":{"type":"branch","line":78,"loc":{"start":{"line":78,"column":17},"end":{"line":78,"column":71}},"locations":[{"start":{"line":78,"column":17},"end":{"line":78,"column":71}}]},"59":{"type":"branch","line":79,"loc":{"start":{"line":79,"column":12},"end":{"line":79,"column":54}},"locations":[{"start":{"line":79,"column":12},"end":{"line":79,"column":54}}]},"60":{"type":"branch","line":80,"loc":{"start":{"line":80,"column":12},"end":{"line":80,"column":63}},"locations":[{"start":{"line":80,"column":12},"end":{"line":80,"column":63}}]},"61":{"type":"branch","line":81,"loc":{"start":{"line":81,"column":12},"end":{"line":81,"column":54}},"locations":[{"start":{"line":81,"column":12},"end":{"line":81,"column":54}}]},"62":{"type":"branch","line":82,"loc":{"start":{"line":82,"column":17},"end":{"line":82,"column":75}},"locations":[{"start":{"line":82,"column":17},"end":{"line":82,"column":75}}]},"63":{"type":"branch","line":83,"loc":{"start":{"line":83,"column":16},"end":{"line":83,"column":58}},"locations":[{"start":{"line":83,"column":16},"end":{"line":83,"column":58}}]},"64":{"type":"branch","line":84,"loc":{"start":{"line":84,"column":16},"end":{"line":84,"column":67}},"locations":[{"start":{"line":84,"column":16},"end":{"line":84,"column":67}}]},"65":{"type":"branch","line":85,"loc":{"start":{"line":85,"column":22},"end":{"line":85,"column":92}},"locations":[{"start":{"line":85,"column":22},"end":{"line":85,"column":92}}]},"66":{"type":"branch","line":86,"loc":{"start":{"line":86,"column":14},"end":{"line":86,"column":51}},"locations":[{"start":{"line":86,"column":14},"end":{"line":86,"column":51}}]},"67":{"type":"branch","line":87,"loc":{"start":{"line":87,"column":27},"end":{"line":87,"column":77}},"locations":[{"start":{"line":87,"column":27},"end":{"line":87,"column":77}}]}},"b":{"0":[1],"1":[1],"2":[1],"3":[1],"4":[1],"5":[1],"6":[1],"7":[1],"8":[1],"9":[1],"10":[1],"11":[1],"12":[1],"13":[1],"14":[1],"15":[1],"16":[1],"17":[1],"18":[1],"19":[1],"20":[1],"21":[1],"22":[1],"23":[1],"24":[1],"25":[1],"26":[1],"27":[1],"28":[1],"29":[1],"30":[1],"31":[1],"32":[1],"33":[1],"34":[1],"35":[1],"36":[1],"37":[1],"38":[1],"39":[1],"40":[1],"41":[1],"42":[1],"43":[1],"44":[1],"45":[1],"46":[1],"47":[1],"48":[1],"49":[1],"50":[1],"51":[1],"52":[1],"53":[1],"54":[1],"55":[1],"56":[1],"57":[1],"58":[1],"59":[1],"60":[1],"61":[1],"62":[1],"63":[1],"64":[1],"65":[1],"66":[1],"67":[1]},"fnMap":{"0":{"name":"list","decl":{"start":{"line":5,"column":10},"end":{"line":5,"column":42}},"loc":{"start":{"line":5,"column":10},"end":{"line":5,"column":42}},"line":5},"1":{"name":"getById","decl":{"start":{"line":6,"column":13},"end":{"line":6,"column":48}},"loc":{"start":{"line":6,"column":13},"end":{"line":6,"column":48}},"line":6},"2":{"name":"create","decl":{"start":{"line":7,"column":12},"end":{"line":7,"column":50}},"loc":{"start":{"line":7,"column":12},"end":{"line":7,"column":50}},"line":7},"3":{"name":"update","decl":{"start":{"line":8,"column":12},"end":{"line":8,"column":59}},"loc":{"start":{"line":8,"column":12},"end":{"line":8,"column":59}},"line":8},"4":{"name":"delete","decl":{"start":{"line":9,"column":12},"end":{"line":9,"column":50}},"loc":{"start":{"line":9,"column":12},"end":{"line":9,"column":50}},"line":9},"5":{"name":"batchDelete","decl":{"start":{"line":10,"column":17},"end":{"line":10,"column":71}},"loc":{"start":{"line":10,"column":17},"end":{"line":10,"column":71}},"line":10},"6":{"name":"statistics","decl":{"start":{"line":11,"column":16},"end":{"line":11,"column":54}},"loc":{"start":{"line":11,"column":16},"end":{"line":11,"column":54}},"line":11},"7":{"name":"getByStatus","decl":{"start":{"line":12,"column":17},"end":{"line":12,"column":67}},"loc":{"start":{"line":12,"column":17},"end":{"line":12,"column":67}},"line":12},"8":{"name":"getByDateRange","decl":{"start":{"line":13,"column":20},"end":{"line":13,"column":112}},"loc":{"start":{"line":13,"column":20},"end":{"line":13,"column":112}},"line":13},"9":{"name":"getByCustomer","decl":{"start":{"line":14,"column":19},"end":{"line":14,"column":79}},"loc":{"start":{"line":14,"column":19},"end":{"line":14,"column":79}},"line":14},"10":{"name":"getTrend","decl":{"start":{"line":15,"column":14},"end":{"line":15,"column":47}},"loc":{"start":{"line":15,"column":14},"end":{"line":15,"column":47}},"line":15},"11":{"name":"getCustomerOrderCount","decl":{"start":{"line":16,"column":27},"end":{"line":16,"column":75}},"loc":{"start":{"line":16,"column":27},"end":{"line":16,"column":75}},"line":16},"12":{"name":"list","decl":{"start":{"line":20,"column":10},"end":{"line":20,"column":46}},"loc":{"start":{"line":20,"column":10},"end":{"line":20,"column":46}},"line":20},"13":{"name":"getById","decl":{"start":{"line":21,"column":13},"end":{"line":21,"column":52}},"loc":{"start":{"line":21,"column":13},"end":{"line":21,"column":52}},"line":21},"14":{"name":"create","decl":{"start":{"line":22,"column":12},"end":{"line":22,"column":54}},"loc":{"start":{"line":22,"column":12},"end":{"line":22,"column":54}},"line":22},"15":{"name":"update","decl":{"start":{"line":23,"column":12},"end":{"line":23,"column":63}},"loc":{"start":{"line":23,"column":12},"end":{"line":23,"column":63}},"line":23},"16":{"name":"delete","decl":{"start":{"line":24,"column":12},"end":{"line":24,"column":54}},"loc":{"start":{"line":24,"column":12},"end":{"line":24,"column":54}},"line":24},"17":{"name":"batchDelete","decl":{"start":{"line":25,"column":17},"end":{"line":25,"column":75}},"loc":{"start":{"line":25,"column":17},"end":{"line":25,"column":75}},"line":25},"18":{"name":"statistics","decl":{"start":{"line":26,"column":16},"end":{"line":26,"column":58}},"loc":{"start":{"line":26,"column":16},"end":{"line":26,"column":58}},"line":26},"19":{"name":"getByName","decl":{"start":{"line":27,"column":15},"end":{"line":27,"column":63}},"loc":{"start":{"line":27,"column":15},"end":{"line":27,"column":63}},"line":27},"20":{"name":"getByLocation","decl":{"start":{"line":28,"column":19},"end":{"line":28,"column":79}},"loc":{"start":{"line":28,"column":19},"end":{"line":28,"column":79}},"line":28},"21":{"name":"getByCapacityRange","decl":{"start":{"line":29,"column":24},"end":{"line":29,"column":136}},"loc":{"start":{"line":29,"column":24},"end":{"line":29,"column":136}},"line":29},"22":{"name":"getUsageRate","decl":{"start":{"line":30,"column":18},"end":{"line":30,"column":60}},"loc":{"start":{"line":30,"column":18},"end":{"line":30,"column":60}},"line":30},"23":{"name":"list","decl":{"start":{"line":34,"column":10},"end":{"line":34,"column":46}},"loc":{"start":{"line":34,"column":10},"end":{"line":34,"column":46}},"line":34},"24":{"name":"getById","decl":{"start":{"line":35,"column":13},"end":{"line":35,"column":52}},"loc":{"start":{"line":35,"column":13},"end":{"line":35,"column":52}},"line":35},"25":{"name":"create","decl":{"start":{"line":36,"column":12},"end":{"line":36,"column":54}},"loc":{"start":{"line":36,"column":12},"end":{"line":36,"column":54}},"line":36},"26":{"name":"update","decl":{"start":{"line":37,"column":12},"end":{"line":37,"column":63}},"loc":{"start":{"line":37,"column":12},"end":{"line":37,"column":63}},"line":37},"27":{"name":"delete","decl":{"start":{"line":38,"column":12},"end":{"line":38,"column":54}},"loc":{"start":{"line":38,"column":12},"end":{"line":38,"column":54}},"line":38},"28":{"name":"batchDelete","decl":{"start":{"line":39,"column":17},"end":{"line":39,"column":75}},"loc":{"start":{"line":39,"column":17},"end":{"line":39,"column":75}},"line":39},"29":{"name":"statistics","decl":{"start":{"line":40,"column":16},"end":{"line":40,"column":58}},"loc":{"start":{"line":40,"column":16},"end":{"line":40,"column":58}},"line":40},"30":{"name":"getByWarehouse","decl":{"start":{"line":41,"column":20},"end":{"line":41,"column":87}},"loc":{"start":{"line":41,"column":20},"end":{"line":41,"column":87}},"line":41},"31":{"name":"getByProduct","decl":{"start":{"line":42,"column":18},"end":{"line":42,"column":79}},"loc":{"start":{"line":42,"column":18},"end":{"line":42,"column":79}},"line":42},"32":{"name":"getLowStock","decl":{"start":{"line":43,"column":17},"end":{"line":43,"column":58}},"loc":{"start":{"line":43,"column":17},"end":{"line":43,"column":58}},"line":43},"33":{"name":"getByCategory","decl":{"start":{"line":44,"column":19},"end":{"line":44,"column":79}},"loc":{"start":{"line":44,"column":19},"end":{"line":44,"column":79}},"line":44},"34":{"name":"getEnterpriseRanking","decl":{"start":{"line":45,"column":26},"end":{"line":45,"column":76}},"loc":{"start":{"line":45,"column":26},"end":{"line":45,"column":76}},"line":45},"35":{"name":"getEnterpriseRatio","decl":{"start":{"line":46,"column":24},"end":{"line":46,"column":72}},"loc":{"start":{"line":46,"column":24},"end":{"line":46,"column":72}},"line":46},"36":{"name":"list","decl":{"start":{"line":50,"column":10},"end":{"line":50,"column":45}},"loc":{"start":{"line":50,"column":10},"end":{"line":50,"column":45}},"line":50},"37":{"name":"getById","decl":{"start":{"line":51,"column":13},"end":{"line":51,"column":51}},"loc":{"start":{"line":51,"column":13},"end":{"line":51,"column":51}},"line":51},"38":{"name":"create","decl":{"start":{"line":52,"column":12},"end":{"line":52,"column":53}},"loc":{"start":{"line":52,"column":12},"end":{"line":52,"column":53}},"line":52},"39":{"name":"update","decl":{"start":{"line":53,"column":12},"end":{"line":53,"column":62}},"loc":{"start":{"line":53,"column":12},"end":{"line":53,"column":62}},"line":53},"40":{"name":"delete","decl":{"start":{"line":54,"column":12},"end":{"line":54,"column":53}},"loc":{"start":{"line":54,"column":12},"end":{"line":54,"column":53}},"line":54},"41":{"name":"batchDelete","decl":{"start":{"line":55,"column":17},"end":{"line":55,"column":74}},"loc":{"start":{"line":55,"column":17},"end":{"line":55,"column":74}},"line":55},"42":{"name":"statistics","decl":{"start":{"line":56,"column":16},"end":{"line":56,"column":57}},"loc":{"start":{"line":56,"column":16},"end":{"line":56,"column":57}},"line":56},"43":{"name":"getByName","decl":{"start":{"line":57,"column":15},"end":{"line":57,"column":62}},"loc":{"start":{"line":57,"column":15},"end":{"line":57,"column":62}},"line":57},"44":{"name":"getByAddress","decl":{"start":{"line":58,"column":18},"end":{"line":58,"column":74}},"loc":{"start":{"line":58,"column":18},"end":{"line":58,"column":74}},"line":58},"45":{"name":"getOrderCount","decl":{"start":{"line":59,"column":19},"end":{"line":59,"column":61}},"loc":{"start":{"line":59,"column":19},"end":{"line":59,"column":61}},"line":59},"46":{"name":"list","decl":{"start":{"line":63,"column":10},"end":{"line":63,"column":45}},"loc":{"start":{"line":63,"column":10},"end":{"line":63,"column":45}},"line":63},"47":{"name":"getById","decl":{"start":{"line":64,"column":13},"end":{"line":64,"column":51}},"loc":{"start":{"line":64,"column":13},"end":{"line":64,"column":51}},"line":64},"48":{"name":"create","decl":{"start":{"line":65,"column":12},"end":{"line":65,"column":53}},"loc":{"start":{"line":65,"column":12},"end":{"line":65,"column":53}},"line":65},"49":{"name":"update","decl":{"start":{"line":66,"column":12},"end":{"line":66,"column":62}},"loc":{"start":{"line":66,"column":12},"end":{"line":66,"column":62}},"line":66},"50":{"name":"delete","decl":{"start":{"line":67,"column":12},"end":{"line":67,"column":53}},"loc":{"start":{"line":67,"column":12},"end":{"line":67,"column":53}},"line":67},"51":{"name":"batchDelete","decl":{"start":{"line":68,"column":17},"end":{"line":68,"column":74}},"loc":{"start":{"line":68,"column":17},"end":{"line":68,"column":74}},"line":68},"52":{"name":"statistics","decl":{"start":{"line":69,"column":16},"end":{"line":69,"column":57}},"loc":{"start":{"line":69,"column":16},"end":{"line":69,"column":57}},"line":69},"53":{"name":"getByName","decl":{"start":{"line":70,"column":15},"end":{"line":70,"column":62}},"loc":{"start":{"line":70,"column":15},"end":{"line":70,"column":62}},"line":70},"54":{"name":"getByAddress","decl":{"start":{"line":71,"column":18},"end":{"line":71,"column":74}},"loc":{"start":{"line":71,"column":18},"end":{"line":71,"column":74}},"line":71},"55":{"name":"getContactRanking","decl":{"start":{"line":72,"column":23},"end":{"line":72,"column":69}},"loc":{"start":{"line":72,"column":23},"end":{"line":72,"column":69}},"line":72},"56":{"name":"list","decl":{"start":{"line":76,"column":10},"end":{"line":76,"column":46}},"loc":{"start":{"line":76,"column":10},"end":{"line":76,"column":46}},"line":76},"57":{"name":"getById","decl":{"start":{"line":77,"column":13},"end":{"line":77,"column":52}},"loc":{"start":{"line":77,"column":13},"end":{"line":77,"column":52}},"line":77},"58":{"name":"getByStatus","decl":{"start":{"line":78,"column":17},"end":{"line":78,"column":71}},"loc":{"start":{"line":78,"column":17},"end":{"line":78,"column":71}},"line":78},"59":{"name":"create","decl":{"start":{"line":79,"column":12},"end":{"line":79,"column":54}},"loc":{"start":{"line":79,"column":12},"end":{"line":79,"column":54}},"line":79},"60":{"name":"update","decl":{"start":{"line":80,"column":12},"end":{"line":80,"column":63}},"loc":{"start":{"line":80,"column":12},"end":{"line":80,"column":63}},"line":80},"61":{"name":"delete","decl":{"start":{"line":81,"column":12},"end":{"line":81,"column":54}},"loc":{"start":{"line":81,"column":12},"end":{"line":81,"column":54}},"line":81},"62":{"name":"batchDelete","decl":{"start":{"line":82,"column":17},"end":{"line":82,"column":75}},"loc":{"start":{"line":82,"column":17},"end":{"line":82,"column":75}},"line":82},"63":{"name":"statistics","decl":{"start":{"line":83,"column":16},"end":{"line":83,"column":58}},"loc":{"start":{"line":83,"column":16},"end":{"line":83,"column":58}},"line":83},"64":{"name":"getByMonth","decl":{"start":{"line":84,"column":16},"end":{"line":84,"column":67}},"loc":{"start":{"line":84,"column":16},"end":{"line":84,"column":67}},"line":84},"65":{"name":"getByVehicleType","decl":{"start":{"line":85,"column":22},"end":{"line":85,"column":92}},"loc":{"start":{"line":85,"column":22},"end":{"line":85,"column":92}},"line":85},"66":{"name":"getTrend","decl":{"start":{"line":86,"column":14},"end":{"line":86,"column":51}},"loc":{"start":{"line":86,"column":14},"end":{"line":86,"column":51}},"line":86},"67":{"name":"getByVehicleTypeGroup","decl":{"start":{"line":87,"column":27},"end":{"line":87,"column":77}},"loc":{"start":{"line":87,"column":27},"end":{"line":87,"column":77}},"line":87},"68":{"name":"list","decl":{"start":{"line":91,"column":10},"end":{"line":91,"column":45}},"loc":{"start":{"line":91,"column":10},"end":{"line":91,"column":45}},"line":91},"69":{"name":"getById","decl":{"start":{"line":92,"column":13},"end":{"line":92,"column":51}},"loc":{"start":{"line":92,"column":13},"end":{"line":92,"column":51}},"line":92},"70":{"name":"create","decl":{"start":{"line":93,"column":12},"end":{"line":93,"column":53}},"loc":{"start":{"line":93,"column":12},"end":{"line":93,"column":53}},"line":93},"71":{"name":"update","decl":{"start":{"line":94,"column":12},"end":{"line":94,"column":62}},"loc":{"start":{"line":94,"column":12},"end":{"line":94,"column":62}},"line":94},"72":{"name":"delete","decl":{"start":{"line":95,"column":12},"end":{"line":95,"column":53}},"loc":{"start":{"line":95,"column":12},"end":{"line":95,"column":53}},"line":95},"73":{"name":"batchDelete","decl":{"start":{"line":96,"column":17},"end":{"line":96,"column":74}},"loc":{"start":{"line":96,"column":17},"end":{"line":96,"column":74}},"line":96},"74":{"name":"search","decl":{"start":{"line":97,"column":12},"end":{"line":97,"column":67}},"loc":{"start":{"line":97,"column":12},"end":{"line":97,"column":67}},"line":97},"75":{"name":"getHighestPaidEmployee","decl":{"start":{"line":98,"column":28},"end":{"line":98,"column":71}},"loc":{"start":{"line":98,"column":28},"end":{"line":98,"column":71}},"line":98},"76":{"name":"getDepartmentStatistics","decl":{"start":{"line":99,"column":29},"end":{"line":99,"column":81}},"loc":{"start":{"line":99,"column":29},"end":{"line":99,"column":81}},"line":99},"77":{"name":"getWithDepartment","decl":{"start":{"line":100,"column":23},"end":{"line":100,"column":74}},"loc":{"start":{"line":100,"column":23},"end":{"line":100,"column":74}},"line":100},"78":{"name":"list","decl":{"start":{"line":104,"column":10},"end":{"line":104,"column":47}},"loc":{"start":{"line":104,"column":10},"end":{"line":104,"column":47}},"line":104},"79":{"name":"getById","decl":{"start":{"line":105,"column":13},"end":{"line":105,"column":53}},"loc":{"start":{"line":105,"column":13},"end":{"line":105,"column":53}},"line":105},"80":{"name":"create","decl":{"start":{"line":106,"column":12},"end":{"line":106,"column":55}},"loc":{"start":{"line":106,"column":12},"end":{"line":106,"column":55}},"line":106},"81":{"name":"update","decl":{"start":{"line":107,"column":12},"end":{"line":107,"column":64}},"loc":{"start":{"line":107,"column":12},"end":{"line":107,"column":64}},"line":107},"82":{"name":"delete","decl":{"start":{"line":108,"column":12},"end":{"line":108,"column":55}},"loc":{"start":{"line":108,"column":12},"end":{"line":108,"column":55}},"line":108},"83":{"name":"batchDelete","decl":{"start":{"line":109,"column":17},"end":{"line":109,"column":76}},"loc":{"start":{"line":109,"column":17},"end":{"line":109,"column":76}},"line":109},"84":{"name":"chat","decl":{"start":{"line":113,"column":10},"end":{"line":113,"column":70}},"loc":{"start":{"line":113,"column":10},"end":{"line":113,"column":70}},"line":113}},"f":{"0":1,"1":1,"2":1,"3":1,"4":1,"5":1,"6":1,"7":1,"8":1,"9":1,"10":1,"11":1,"12":1,"13":1,"14":1,"15":1,"16":1,"17":1,"18":1,"19":1,"20":1,"21":1,"22":1,"23":1,"24":1,"25":1,"26":1,"27":1,"28":1,"29":1,"30":1,"31":1,"32":1,"33":1,"34":1,"35":1,"36":1,"37":1,"38":1,"39":1,"40":1,"41":1,"42":1,"43":1,"44":1,"45":1,"46":1,"47":1,"48":1,"49":1,"50":1,"51":1,"52":1,"53":1,"54":1,"55":1,"56":1,"57":1,"58":1,"59":1,"60":1,"61":1,"62":1,"63":1,"64":1,"65":1,"66":1,"67":1,"68":0,"69":0,"70":0,"71":0,"72":0,"73":0,"74":0,"75":0,"76":0,"77":0,"78":0,"79":0,"80":0,"81":0,"82":0,"83":0,"84":0}}
,"C:\\Users\\15071\\Documents\\大数据面板\\FrontEnd\\src\\stores\\useEntityStore.js": {"path":"C:\\Users\\15071\\Documents\\大数据面板\\FrontEnd\\src\\stores\\useEntityStore.js","all":false,"statementMap":{"0":{"start":{"line":1,"column":0},"end":{"line":1,"column":64}},"1":{"start":{"line":2,"column":0},"end":{"line":2,"column":49}},"2":{"start":{"line":3,"column":0},"end":{"line":3,"column":0}},"3":{"start":{"line":4,"column":0},"end":{"line":4,"column":168}},"4":{"start":{"line":5,"column":0},"end":{"line":5,"column":39}},"5":{"start":{"line":6,"column":0},"end":{"line":6,"column":28}},"6":{"start":{"line":7,"column":0},"end":{"line":7,"column":30}},"7":{"start":{"line":8,"column":0},"end":{"line":8,"column":27}},"8":{"start":{"line":9,"column":0},"end":{"line":9,"column":0}},"9":{"start":{"line":10,"column":0},"end":{"line":10,"column":39}},"10":{"start":{"line":11,"column":0},"end":{"line":11,"column":26}},"11":{"start":{"line":12,"column":0},"end":{"line":12,"column":24}},"12":{"start":{"line":13,"column":0},"end":{"line":13,"column":11}},"13":{"start":{"line":14,"column":0},"end":{"line":14,"column":44}},"14":{"start":{"line":15,"column":0},"end":{"line":15,"column":36}},"15":{"start":{"line":16,"column":0},"end":{"line":16,"column":46}},"16":{"start":{"line":17,"column":0},"end":{"line":17,"column":9}},"17":{"start":{"line":18,"column":0},"end":{"line":18,"column":21}},"18":{"start":{"line":19,"column":0},"end":{"line":19,"column":58}},"19":{"start":{"line":20,"column":0},"end":{"line":20,"column":50}},"20":{"start":{"line":21,"column":0},"end":{"line":21,"column":17}},"21":{"start":{"line":22,"column":0},"end":{"line":22,"column":29}},"22":{"start":{"line":23,"column":0},"end":{"line":23,"column":7}},"23":{"start":{"line":24,"column":0},"end":{"line":24,"column":5}},"24":{"start":{"line":25,"column":0},"end":{"line":25,"column":0}},"25":{"start":{"line":26,"column":0},"end":{"line":26,"column":29}},"26":{"start":{"line":27,"column":0},"end":{"line":27,"column":25}},"27":{"start":{"line":28,"column":0},"end":{"line":28,"column":24}},"28":{"start":{"line":29,"column":0},"end":{"line":29,"column":5}},"29":{"start":{"line":30,"column":0},"end":{"line":30,"column":0}},"30":{"start":{"line":31,"column":0},"end":{"line":31,"column":20}},"31":{"start":{"line":32,"column":0},"end":{"line":32,"column":31}},"32":{"start":{"line":33,"column":0},"end":{"line":33,"column":14}},"33":{"start":{"line":34,"column":0},"end":{"line":34,"column":12}},"34":{"start":{"line":35,"column":0},"end":{"line":35,"column":41}},"35":{"start":{"line":36,"column":0},"end":{"line":36,"column":36}},"36":{"start":{"line":37,"column":0},"end":{"line":37,"column":5}},"37":{"start":{"line":38,"column":0},"end":{"line":38,"column":0}},"38":{"start":{"line":39,"column":0},"end":{"line":39,"column":17}},"39":{"start":{"line":40,"column":0},"end":{"line":40,"column":4}},"40":{"start":{"line":41,"column":0},"end":{"line":41,"column":1}}},"s":{"0":1,"1":1,"2":1,"3":1,"4":8,"5":8,"6":8,"7":8,"8":8,"9":8,"10":7,"11":7,"12":7,"13":7,"14":7,"15":5,"16":5,"17":7,"18":1,"19":1,"20":7,"21":7,"22":7,"23":7,"24":8,"25":8,"26":1,"27":1,"28":1,"29":8,"30":8,"31":8,"32":8,"33":8,"34":8,"35":8,"36":8,"37":8,"38":8,"39":8,"40":8},"branchMap":{"0":{"type":"branch","line":4,"loc":{"start":{"line":4,"column":7},"end":{"line":41,"column":1}},"locations":[{"start":{"line":4,"column":7},"end":{"line":41,"column":1}}]},"1":{"type":"branch","line":5,"loc":{"start":{"line":5,"column":32},"end":{"line":40,"column":3}},"locations":[{"start":{"line":5,"column":32},"end":{"line":40,"column":3}}]},"2":{"type":"branch","line":10,"loc":{"start":{"line":10,"column":26},"end":{"line":24,"column":5}},"locations":[{"start":{"line":10,"column":26},"end":{"line":24,"column":5}}]},"3":{"type":"branch","line":14,"loc":{"start":{"line":14,"column":43},"end":{"line":15,"column":35}},"locations":[{"start":{"line":14,"column":43},"end":{"line":15,"column":35}}]},"4":{"type":"branch","line":15,"loc":{"start":{"line":15,"column":35},"end":{"line":17,"column":9}},"locations":[{"start":{"line":15,"column":35},"end":{"line":17,"column":9}}]},"5":{"type":"branch","line":16,"loc":{"start":{"line":16,"column":41},"end":{"line":16,"column":46}},"locations":[{"start":{"line":16,"column":41},"end":{"line":16,"column":46}}]},"6":{"type":"branch","line":18,"loc":{"start":{"line":18,"column":8},"end":{"line":21,"column":7}},"locations":[{"start":{"line":18,"column":8},"end":{"line":21,"column":7}}]},"7":{"type":"branch","line":19,"loc":{"start":{"line":19,"column":34},"end":{"line":19,"column":58}},"locations":[{"start":{"line":19,"column":34},"end":{"line":19,"column":58}}]},"8":{"type":"branch","line":26,"loc":{"start":{"line":26,"column":22},"end":{"line":29,"column":5}},"locations":[{"start":{"line":26,"column":22},"end":{"line":29,"column":5}}]}},"b":{"0":[8],"1":[8],"2":[7],"3":[6],"4":[5],"5":[1],"6":[1],"7":[0],"8":[1]},"fnMap":{"0":{"name":"createEntityStore","decl":{"start":{"line":4,"column":7},"end":{"line":41,"column":1}},"loc":{"start":{"line":4,"column":7},"end":{"line":41,"column":1}},"line":4},"1":{"name":"fetchDataList","decl":{"start":{"line":10,"column":26},"end":{"line":24,"column":5}},"loc":{"start":{"line":10,"column":26},"end":{"line":24,"column":5}},"line":10},"2":{"name":"clearData","decl":{"start":{"line":26,"column":22},"end":{"line":29,"column":5}},"loc":{"start":{"line":26,"column":22},"end":{"line":29,"column":5}},"line":26}},"f":{"0":8,"1":7,"2":1}}
,"C:\\Users\\15071\\Documents\\大数据面板\\FrontEnd\\src\\utils\\errorHandler.js": {"path":"C:\\Users\\15071\\Documents\\大数据面板\\FrontEnd\\src\\utils\\errorHandler.js","all":false,"statementMap":{"0":{"start":{"line":1,"column":0},"end":{"line":1,"column":41}},"1":{"start":{"line":2,"column":0},"end":{"line":2,"column":0}},"2":{"start":{"line":3,"column":0},"end":{"line":3,"column":26}},"3":{"start":{"line":4,"column":0},"end":{"line":4,"column":15}},"4":{"start":{"line":5,"column":0},"end":{"line":5,"column":20}},"5":{"start":{"line":6,"column":0},"end":{"line":6,"column":17}},"6":{"start":{"line":7,"column":0},"end":{"line":7,"column":17}},"7":{"start":{"line":8,"column":0},"end":{"line":8,"column":29}},"8":{"start":{"line":9,"column":0},"end":{"line":9,"column":19}},"9":{"start":{"line":10,"column":0},"end":{"line":10,"column":19}},"10":{"start":{"line":11,"column":0},"end":{"line":11,"column":14}},"11":{"start":{"line":12,"column":0},"end":{"line":12,"column":1}},"12":{"start":{"line":13,"column":0},"end":{"line":13,"column":0}},"13":{"start":{"line":14,"column":0},"end":{"line":14,"column":29}},"14":{"start":{"line":15,"column":0},"end":{"line":15,"column":30}},"15":{"start":{"line":16,"column":0},"end":{"line":16,"column":40}},"16":{"start":{"line":17,"column":0},"end":{"line":17,"column":32}},"17":{"start":{"line":18,"column":0},"end":{"line":18,"column":36}},"18":{"start":{"line":19,"column":0},"end":{"line":19,"column":47}},"19":{"start":{"line":20,"column":0},"end":{"line":20,"column":36}},"20":{"start":{"line":21,"column":0},"end":{"line":21,"column":44}},"21":{"start":{"line":22,"column":0},"end":{"line":22,"column":35}},"22":{"start":{"line":23,"column":0},"end":{"line":23,"column":1}},"23":{"start":{"line":24,"column":0},"end":{"line":24,"column":0}},"24":{"start":{"line":25,"column":0},"end":{"line":25,"column":40}},"25":{"start":{"line":26,"column":0},"end":{"line":26,"column":23}},"26":{"start":{"line":27,"column":0},"end":{"line":27,"column":40}},"27":{"start":{"line":28,"column":0},"end":{"line":28,"column":36}},"28":{"start":{"line":29,"column":0},"end":{"line":29,"column":69}},"29":{"start":{"line":30,"column":0},"end":{"line":30,"column":29}},"30":{"start":{"line":31,"column":0},"end":{"line":31,"column":48}},"31":{"start":{"line":32,"column":0},"end":{"line":32,"column":10}},"32":{"start":{"line":33,"column":0},"end":{"line":33,"column":46}},"33":{"start":{"line":34,"column":0},"end":{"line":34,"column":3}},"34":{"start":{"line":35,"column":0},"end":{"line":35,"column":1}},"35":{"start":{"line":36,"column":0},"end":{"line":36,"column":0}},"36":{"start":{"line":37,"column":0},"end":{"line":37,"column":65}},"37":{"start":{"line":38,"column":0},"end":{"line":38,"column":47}},"38":{"start":{"line":39,"column":0},"end":{"line":39,"column":56}},"39":{"start":{"line":40,"column":0},"end":{"line":40,"column":26}},"40":{"start":{"line":41,"column":0},"end":{"line":41,"column":18}},"41":{"start":{"line":42,"column":0},"end":{"line":42,"column":14}},"42":{"start":{"line":43,"column":0},"end":{"line":43,"column":14}},"43":{"start":{"line":44,"column":0},"end":{"line":44,"column":6}},"44":{"start":{"line":45,"column":0},"end":{"line":45,"column":10}},"45":{"start":{"line":46,"column":0},"end":{"line":46,"column":26}},"46":{"start":{"line":47,"column":0},"end":{"line":47,"column":3}},"47":{"start":{"line":48,"column":0},"end":{"line":48,"column":1}},"48":{"start":{"line":49,"column":0},"end":{"line":49,"column":0}},"49":{"start":{"line":50,"column":0},"end":{"line":50,"column":67}},"50":{"start":{"line":51,"column":0},"end":{"line":51,"column":46}},"51":{"start":{"line":52,"column":0},"end":{"line":52,"column":56}},"52":{"start":{"line":53,"column":0},"end":{"line":53,"column":28}},"53":{"start":{"line":54,"column":0},"end":{"line":54,"column":18}},"54":{"start":{"line":55,"column":0},"end":{"line":55,"column":14}},"55":{"start":{"line":56,"column":0},"end":{"line":56,"column":14}},"56":{"start":{"line":57,"column":0},"end":{"line":57,"column":6}},"57":{"start":{"line":58,"column":0},"end":{"line":58,"column":10}},"58":{"start":{"line":59,"column":0},"end":{"line":59,"column":24}},"59":{"start":{"line":60,"column":0},"end":{"line":60,"column":3}},"60":{"start":{"line":61,"column":0},"end":{"line":61,"column":1}},"61":{"start":{"line":62,"column":0},"end":{"line":62,"column":0}},"62":{"start":{"line":63,"column":0},"end":{"line":63,"column":67}},"63":{"start":{"line":64,"column":0},"end":{"line":64,"column":46}},"64":{"start":{"line":65,"column":0},"end":{"line":65,"column":56}},"65":{"start":{"line":66,"column":0},"end":{"line":66,"column":28}},"66":{"start":{"line":67,"column":0},"end":{"line":67,"column":18}},"67":{"start":{"line":68,"column":0},"end":{"line":68,"column":14}},"68":{"start":{"line":69,"column":0},"end":{"line":69,"column":14}},"69":{"start":{"line":70,"column":0},"end":{"line":70,"column":6}},"70":{"start":{"line":71,"column":0},"end":{"line":71,"column":10}},"71":{"start":{"line":72,"column":0},"end":{"line":72,"column":25}},"72":{"start":{"line":73,"column":0},"end":{"line":73,"column":3}},"73":{"start":{"line":74,"column":0},"end":{"line":74,"column":1}},"74":{"start":{"line":75,"column":0},"end":{"line":75,"column":0}},"75":{"start":{"line":76,"column":0},"end":{"line":76,"column":39}},"76":{"start":{"line":77,"column":0},"end":{"line":77,"column":101}},"77":{"start":{"line":78,"column":0},"end":{"line":78,"column":40}},"78":{"start":{"line":79,"column":0},"end":{"line":79,"column":32}},"79":{"start":{"line":80,"column":0},"end":{"line":80,"column":2}},"80":{"start":{"line":81,"column":0},"end":{"line":81,"column":58}},"81":{"start":{"line":82,"column":0},"end":{"line":82,"column":29}},"82":{"start":{"line":83,"column":0},"end":{"line":83,"column":36}},"83":{"start":{"line":84,"column":0},"end":{"line":84,"column":39}},"84":{"start":{"line":85,"column":0},"end":{"line":85,"column":40}},"85":{"start":{"line":86,"column":0},"end":{"line":86,"column":37}},"86":{"start":{"line":87,"column":0},"end":{"line":87,"column":5}},"87":{"start":{"line":88,"column":0},"end":{"line":88,"column":3}},"88":{"start":{"line":89,"column":0},"end":{"line":89,"column":2}},"89":{"start":{"line":90,"column":0},"end":{"line":90,"column":30}},"90":{"start":{"line":91,"column":0},"end":{"line":91,"column":1}},"91":{"start":{"line":92,"column":0},"end":{"line":92,"column":0}},"92":{"start":{"line":93,"column":0},"end":{"line":93,"column":58}},"93":{"start":{"line":94,"column":0},"end":{"line":94,"column":43}},"94":{"start":{"line":95,"column":0},"end":{"line":95,"column":41}},"95":{"start":{"line":96,"column":0},"end":{"line":96,"column":18}},"96":{"start":{"line":97,"column":0},"end":{"line":97,"column":38}},"97":{"start":{"line":98,"column":0},"end":{"line":98,"column":5}},"98":{"start":{"line":99,"column":0},"end":{"line":99,"column":15}},"99":{"start":{"line":100,"column":0},"end":{"line":100,"column":10}},"100":{"start":{"line":101,"column":0},"end":{"line":101,"column":48}},"101":{"start":{"line":102,"column":0},"end":{"line":102,"column":51}},"102":{"start":{"line":103,"column":0},"end":{"line":103,"column":39}},"103":{"start":{"line":104,"column":0},"end":{"line":104,"column":50}},"104":{"start":{"line":105,"column":0},"end":{"line":105,"column":3}},"105":{"start":{"line":106,"column":0},"end":{"line":106,"column":1}}},"s":{"0":1,"1":1,"2":1,"3":1,"4":1,"5":1,"6":1,"7":1,"8":1,"9":1,"10":1,"11":1,"12":1,"13":1,"14":1,"15":1,"16":1,"17":1,"18":1,"19":1,"20":1,"21":1,"22":1,"23":1,"24":1,"25":0,"26":0,"27":0,"28":0,"29":0,"30":0,"31":0,"32":0,"33":0,"34":0,"35":1,"36":1,"37":0,"38":0,"39":0,"40":0,"41":0,"42":0,"43":0,"44":0,"45":0,"46":0,"47":0,"48":1,"49":1,"50":0,"51":0,"52":0,"53":0,"54":0,"55":0,"56":0,"57":0,"58":0,"59":0,"60":0,"61":1,"62":1,"63":0,"64":0,"65":0,"66":0,"67":0,"68":0,"69":0,"70":0,"71":0,"72":0,"73":0,"74":1,"75":1,"76":0,"77":0,"78":0,"79":0,"80":0,"81":0,"82":0,"83":0,"84":0,"85":0,"86":0,"87":0,"88":0,"89":0,"90":0,"91":1,"92":1,"93":0,"94":0,"95":0,"96":0,"97":0,"98":0,"99":0,"100":0,"101":0,"102":0,"103":0,"104":0,"105":0},"branchMap":{},"b":{},"fnMap":{"0":{"name":"getErrorMessage","decl":{"start":{"line":25,"column":7},"end":{"line":35,"column":1}},"loc":{"start":{"line":25,"column":7},"end":{"line":35,"column":1}},"line":25},"1":{"name":"showErrorNotification","decl":{"start":{"line":37,"column":7},"end":{"line":48,"column":1}},"loc":{"start":{"line":37,"column":7},"end":{"line":48,"column":1}},"line":37},"2":{"name":"showSuccessNotification","decl":{"start":{"line":50,"column":7},"end":{"line":61,"column":1}},"loc":{"start":{"line":50,"column":7},"end":{"line":61,"column":1}},"line":50},"3":{"name":"showWarningNotification","decl":{"start":{"line":63,"column":7},"end":{"line":74,"column":1}},"loc":{"start":{"line":63,"column":7},"end":{"line":74,"column":1}},"line":63},"4":{"name":"handleApiError","decl":{"start":{"line":76,"column":7},"end":{"line":91,"column":1}},"loc":{"start":{"line":76,"column":7},"end":{"line":91,"column":1}},"line":76},"5":{"name":"handleApiSuccess","decl":{"start":{"line":93,"column":7},"end":{"line":106,"column":1}},"loc":{"start":{"line":93,"column":7},"end":{"line":106,"column":1}},"line":93}},"f":{"0":0,"1":0,"2":0,"3":0,"4":0,"5":0}}
,"C:\\Users\\15071\\Documents\\大数据面板\\FrontEnd\\src\\utils\\logger.js": {"path":"C:\\Users\\15071\\Documents\\大数据面板\\FrontEnd\\src\\utils\\logger.js","all":false,"statementMap":{"0":{"start":{"line":1,"column":0},"end":{"line":1,"column":14}},"1":{"start":{"line":2,"column":0},"end":{"line":2,"column":17}},"2":{"start":{"line":3,"column":0},"end":{"line":3,"column":60}},"3":{"start":{"line":4,"column":0},"end":{"line":4,"column":19}},"4":{"start":{"line":5,"column":0},"end":{"line":5,"column":15}},"5":{"start":{"line":6,"column":0},"end":{"line":6,"column":14}},"6":{"start":{"line":7,"column":0},"end":{"line":7,"column":14}},"7":{"start":{"line":8,"column":0},"end":{"line":8,"column":14}},"8":{"start":{"line":9,"column":0},"end":{"line":9,"column":5}},"9":{"start":{"line":10,"column":0},"end":{"line":10,"column":18}},"10":{"start":{"line":11,"column":0},"end":{"line":11,"column":22}},"11":{"start":{"line":12,"column":0},"end":{"line":12,"column":3}},"12":{"start":{"line":13,"column":0},"end":{"line":13,"column":0}},"13":{"start":{"line":14,"column":0},"end":{"line":14,"column":20}},"14":{"start":{"line":15,"column":0},"end":{"line":15,"column":59}},"15":{"start":{"line":16,"column":0},"end":{"line":16,"column":3}},"16":{"start":{"line":17,"column":0},"end":{"line":17,"column":0}},"17":{"start":{"line":18,"column":0},"end":{"line":18,"column":46}},"18":{"start":{"line":19,"column":0},"end":{"line":19,"column":46}},"19":{"start":{"line":20,"column":0},"end":{"line":20,"column":22}},"20":{"start":{"line":21,"column":0},"end":{"line":21,"column":16}},"21":{"start":{"line":22,"column":0},"end":{"line":22,"column":12}},"22":{"start":{"line":23,"column":0},"end":{"line":23,"column":14}},"23":{"start":{"line":24,"column":0},"end":{"line":24,"column":10}},"24":{"start":{"line":25,"column":0},"end":{"line":25,"column":5}},"25":{"start":{"line":26,"column":0},"end":{"line":26,"column":19}},"26":{"start":{"line":27,"column":0},"end":{"line":27,"column":3}},"27":{"start":{"line":28,"column":0},"end":{"line":28,"column":0}},"28":{"start":{"line":29,"column":0},"end":{"line":29,"column":20}},"29":{"start":{"line":30,"column":0},"end":{"line":30,"column":28}},"30":{"start":{"line":31,"column":0},"end":{"line":31,"column":42}},"31":{"start":{"line":32,"column":0},"end":{"line":32,"column":23}},"32":{"start":{"line":33,"column":0},"end":{"line":33,"column":5}},"33":{"start":{"line":34,"column":0},"end":{"line":34,"column":3}},"34":{"start":{"line":35,"column":0},"end":{"line":35,"column":0}},"35":{"start":{"line":36,"column":0},"end":{"line":36,"column":31}},"36":{"start":{"line":37,"column":0},"end":{"line":37,"column":34}},"37":{"start":{"line":38,"column":0},"end":{"line":38,"column":65}},"38":{"start":{"line":39,"column":0},"end":{"line":39,"column":27}},"39":{"start":{"line":40,"column":0},"end":{"line":40,"column":75}},"40":{"start":{"line":41,"column":0},"end":{"line":41,"column":5}},"41":{"start":{"line":42,"column":0},"end":{"line":42,"column":3}},"42":{"start":{"line":43,"column":0},"end":{"line":43,"column":0}},"43":{"start":{"line":44,"column":0},"end":{"line":44,"column":30}},"44":{"start":{"line":45,"column":0},"end":{"line":45,"column":33}},"45":{"start":{"line":46,"column":0},"end":{"line":46,"column":64}},"46":{"start":{"line":47,"column":0},"end":{"line":47,"column":27}},"47":{"start":{"line":48,"column":0},"end":{"line":48,"column":75}},"48":{"start":{"line":49,"column":0},"end":{"line":49,"column":5}},"49":{"start":{"line":50,"column":0},"end":{"line":50,"column":3}},"50":{"start":{"line":51,"column":0},"end":{"line":51,"column":0}},"51":{"start":{"line":52,"column":0},"end":{"line":52,"column":30}},"52":{"start":{"line":53,"column":0},"end":{"line":53,"column":33}},"53":{"start":{"line":54,"column":0},"end":{"line":54,"column":64}},"54":{"start":{"line":55,"column":0},"end":{"line":55,"column":27}},"55":{"start":{"line":56,"column":0},"end":{"line":56,"column":75}},"56":{"start":{"line":57,"column":0},"end":{"line":57,"column":5}},"57":{"start":{"line":58,"column":0},"end":{"line":58,"column":3}},"58":{"start":{"line":59,"column":0},"end":{"line":59,"column":0}},"59":{"start":{"line":60,"column":0},"end":{"line":60,"column":32}},"60":{"start":{"line":61,"column":0},"end":{"line":61,"column":34}},"61":{"start":{"line":62,"column":0},"end":{"line":62,"column":33}},"62":{"start":{"line":63,"column":0},"end":{"line":63,"column":31}},"63":{"start":{"line":64,"column":0},"end":{"line":64,"column":27}},"64":{"start":{"line":65,"column":0},"end":{"line":65,"column":24}},"65":{"start":{"line":66,"column":0},"end":{"line":66,"column":14}},"66":{"start":{"line":67,"column":0},"end":{"line":67,"column":70}},"67":{"start":{"line":68,"column":0},"end":{"line":68,"column":27}},"68":{"start":{"line":69,"column":0},"end":{"line":69,"column":78}},"69":{"start":{"line":70,"column":0},"end":{"line":70,"column":5}},"70":{"start":{"line":71,"column":0},"end":{"line":71,"column":3}},"71":{"start":{"line":72,"column":0},"end":{"line":72,"column":0}},"72":{"start":{"line":73,"column":0},"end":{"line":73,"column":25}},"73":{"start":{"line":74,"column":0},"end":{"line":74,"column":16}},"74":{"start":{"line":75,"column":0},"end":{"line":75,"column":57}},"75":{"start":{"line":76,"column":0},"end":{"line":76,"column":5}},"76":{"start":{"line":77,"column":0},"end":{"line":77,"column":25}},"77":{"start":{"line":78,"column":0},"end":{"line":78,"column":3}},"78":{"start":{"line":79,"column":0},"end":{"line":79,"column":0}},"79":{"start":{"line":80,"column":0},"end":{"line":80,"column":15}},"80":{"start":{"line":81,"column":0},"end":{"line":81,"column":18}},"81":{"start":{"line":82,"column":0},"end":{"line":82,"column":3}},"82":{"start":{"line":83,"column":0},"end":{"line":83,"column":0}},"83":{"start":{"line":84,"column":0},"end":{"line":84,"column":16}},"84":{"start":{"line":85,"column":0},"end":{"line":85,"column":45}},"85":{"start":{"line":86,"column":0},"end":{"line":86,"column":3}},"86":{"start":{"line":87,"column":0},"end":{"line":87,"column":1}},"87":{"start":{"line":88,"column":0},"end":{"line":88,"column":0}},"88":{"start":{"line":89,"column":0},"end":{"line":89,"column":34}},"89":{"start":{"line":90,"column":0},"end":{"line":90,"column":21}}},"s":{"0":1,"1":1,"2":1,"3":1,"4":1,"5":1,"6":1,"7":1,"8":1,"9":1,"10":1,"11":1,"12":1,"13":1,"14":0,"15":0,"16":1,"17":1,"18":0,"19":0,"20":0,"21":0,"22":0,"23":0,"24":0,"25":0,"26":0,"27":1,"28":1,"29":0,"30":0,"31":0,"32":0,"33":0,"34":1,"35":1,"36":0,"37":0,"38":0,"39":0,"40":0,"41":0,"42":1,"43":1,"44":0,"45":0,"46":0,"47":0,"48":0,"49":0,"50":1,"51":1,"52":0,"53":0,"54":0,"55":0,"56":0,"57":0,"58":1,"59":1,"60":0,"61":0,"62":0,"63":0,"64":0,"65":0,"66":0,"67":0,"68":0,"69":0,"70":0,"71":1,"72":1,"73":0,"74":0,"75":0,"76":0,"77":0,"78":1,"79":1,"80":0,"81":0,"82":1,"83":1,"84":0,"85":0,"86":1,"87":1,"88":1,"89":1},"branchMap":{"0":{"type":"branch","line":2,"loc":{"start":{"line":2,"column":2},"end":{"line":12,"column":3}},"locations":[{"start":{"line":2,"column":2},"end":{"line":12,"column":3}}]}},"b":{"0":[1]},"fnMap":{"0":{"name":"Logger","decl":{"start":{"line":2,"column":2},"end":{"line":12,"column":3}},"loc":{"start":{"line":2,"column":2},"end":{"line":12,"column":3}},"line":2},"1":{"name":"shouldLog","decl":{"start":{"line":14,"column":2},"end":{"line":16,"column":3}},"loc":{"start":{"line":14,"column":2},"end":{"line":16,"column":3}},"line":14},"2":{"name":"formatMessage","decl":{"start":{"line":18,"column":2},"end":{"line":27,"column":3}},"loc":{"start":{"line":18,"column":2},"end":{"line":27,"column":3}},"line":18},"3":{"name":"addLog","decl":{"start":{"line":29,"column":2},"end":{"line":34,"column":3}},"loc":{"start":{"line":29,"column":2},"end":{"line":34,"column":3}},"line":29},"4":{"name":"debug","decl":{"start":{"line":36,"column":2},"end":{"line":42,"column":3}},"loc":{"start":{"line":36,"column":2},"end":{"line":42,"column":3}},"line":36},"5":{"name":"info","decl":{"start":{"line":44,"column":2},"end":{"line":50,"column":3}},"loc":{"start":{"line":44,"column":2},"end":{"line":50,"column":3}},"line":44},"6":{"name":"warn","decl":{"start":{"line":52,"column":2},"end":{"line":58,"column":3}},"loc":{"start":{"line":52,"column":2},"end":{"line":58,"column":3}},"line":52},"7":{"name":"error","decl":{"start":{"line":60,"column":2},"end":{"line":71,"column":3}},"loc":{"start":{"line":60,"column":2},"end":{"line":71,"column":3}},"line":60},"8":{"name":"getLogs","decl":{"start":{"line":73,"column":2},"end":{"line":78,"column":3}},"loc":{"start":{"line":73,"column":2},"end":{"line":78,"column":3}},"line":73},"9":{"name":"clearLogs","decl":{"start":{"line":80,"column":2},"end":{"line":82,"column":3}},"loc":{"start":{"line":80,"column":2},"end":{"line":82,"column":3}},"line":80},"10":{"name":"exportLogs","decl":{"start":{"line":84,"column":2},"end":{"line":86,"column":3}},"loc":{"start":{"line":84,"column":2},"end":{"line":86,"column":3}},"line":84}},"f":{"0":1,"1":0,"2":0,"3":0,"4":0,"5":0,"6":0,"7":0,"8":0,"9":0,"10":0}}
,"C:\\Users\\15071\\Documents\\大数据面板\\FrontEnd\\src\\utils\\request.js": {"path":"C:\\Users\\15071\\Documents\\大数据面板\\FrontEnd\\src\\utils\\request.js","all":false,"statementMap":{"0":{"start":{"line":1,"column":0},"end":{"line":1,"column":25}},"1":{"start":{"line":2,"column":0},"end":{"line":2,"column":58}},"2":{"start":{"line":3,"column":0},"end":{"line":3,"column":0}},"3":{"start":{"line":4,"column":0},"end":{"line":4,"column":33}},"4":{"start":{"line":5,"column":0},"end":{"line":5,"column":0}},"5":{"start":{"line":6,"column":0},"end":{"line":6,"column":37}},"6":{"start":{"line":7,"column":0},"end":{"line":7,"column":46}},"7":{"start":{"line":8,"column":0},"end":{"line":8,"column":78}},"8":{"start":{"line":9,"column":0},"end":{"line":9,"column":1}},"9":{"start":{"line":10,"column":0},"end":{"line":10,"column":0}},"10":{"start":{"line":11,"column":0},"end":{"line":11,"column":36}},"11":{"start":{"line":12,"column":0},"end":{"line":12,"column":47}},"12":{"start":{"line":13,"column":0},"end":{"line":13,"column":80}},"13":{"start":{"line":14,"column":0},"end":{"line":14,"column":43}},"14":{"start":{"line":15,"column":0},"end":{"line":15,"column":45}},"15":{"start":{"line":16,"column":0},"end":{"line":16,"column":5}},"16":{"start":{"line":17,"column":0},"end":{"line":17,"column":4}},"17":{"start":{"line":18,"column":0},"end":{"line":18,"column":1}},"18":{"start":{"line":19,"column":0},"end":{"line":19,"column":0}},"19":{"start":{"line":20,"column":0},"end":{"line":20,"column":39}},"20":{"start":{"line":21,"column":0},"end":{"line":21,"column":47}},"21":{"start":{"line":22,"column":0},"end":{"line":22,"column":40}},"22":{"start":{"line":23,"column":0},"end":{"line":23,"column":50}},"23":{"start":{"line":24,"column":0},"end":{"line":24,"column":22}},"24":{"start":{"line":25,"column":0},"end":{"line":25,"column":38}},"25":{"start":{"line":26,"column":0},"end":{"line":26,"column":3}},"26":{"start":{"line":27,"column":0},"end":{"line":27,"column":1}},"27":{"start":{"line":28,"column":0},"end":{"line":28,"column":0}},"28":{"start":{"line":29,"column":0},"end":{"line":29,"column":30}},"29":{"start":{"line":30,"column":0},"end":{"line":30,"column":76}},"30":{"start":{"line":31,"column":0},"end":{"line":31,"column":63}},"31":{"start":{"line":32,"column":0},"end":{"line":32,"column":12}},"32":{"start":{"line":33,"column":0},"end":{"line":33,"column":52}},"33":{"start":{"line":34,"column":0},"end":{"line":34,"column":4}},"34":{"start":{"line":35,"column":0},"end":{"line":35,"column":11}},"35":{"start":{"line":36,"column":0},"end":{"line":36,"column":18}},"36":{"start":{"line":37,"column":0},"end":{"line":37,"column":2}},"37":{"start":{"line":38,"column":0},"end":{"line":38,"column":0}},"38":{"start":{"line":39,"column":0},"end":{"line":39,"column":33}},"39":{"start":{"line":40,"column":0},"end":{"line":40,"column":13}},"40":{"start":{"line":41,"column":0},"end":{"line":41,"column":32}},"41":{"start":{"line":42,"column":0},"end":{"line":42,"column":29}},"42":{"start":{"line":43,"column":0},"end":{"line":43,"column":4}},"43":{"start":{"line":44,"column":0},"end":{"line":44,"column":47}},"44":{"start":{"line":45,"column":0},"end":{"line":45,"column":16}},"45":{"start":{"line":46,"column":0},"end":{"line":46,"column":54}},"46":{"start":{"line":47,"column":0},"end":{"line":47,"column":5}},"47":{"start":{"line":48,"column":0},"end":{"line":48,"column":4}},"48":{"start":{"line":49,"column":0},"end":{"line":49,"column":47}},"49":{"start":{"line":50,"column":0},"end":{"line":50,"column":4}},"50":{"start":{"line":51,"column":0},"end":{"line":51,"column":17}},"51":{"start":{"line":52,"column":0},"end":{"line":52,"column":4}},"52":{"start":{"line":53,"column":0},"end":{"line":53,"column":12}},"53":{"start":{"line":54,"column":0},"end":{"line":54,"column":36}},"54":{"start":{"line":55,"column":0},"end":{"line":55,"column":32}},"55":{"start":{"line":56,"column":0},"end":{"line":56,"column":3}},"56":{"start":{"line":57,"column":0},"end":{"line":57,"column":1}},"57":{"start":{"line":58,"column":0},"end":{"line":58,"column":0}},"58":{"start":{"line":59,"column":0},"end":{"line":59,"column":34}},"59":{"start":{"line":60,"column":0},"end":{"line":60,"column":15}},"60":{"start":{"line":61,"column":0},"end":{"line":61,"column":41}},"61":{"start":{"line":62,"column":0},"end":{"line":62,"column":4}},"62":{"start":{"line":63,"column":0},"end":{"line":63,"column":30}},"63":{"start":{"line":64,"column":0},"end":{"line":64,"column":65}},"64":{"start":{"line":65,"column":0},"end":{"line":65,"column":4}},"65":{"start":{"line":66,"column":0},"end":{"line":66,"column":26}},"66":{"start":{"line":67,"column":0},"end":{"line":67,"column":68}},"67":{"start":{"line":68,"column":0},"end":{"line":68,"column":5}},"68":{"start":{"line":69,"column":0},"end":{"line":69,"column":4}},"69":{"start":{"line":70,"column":0},"end":{"line":70,"column":30}},"70":{"start":{"line":71,"column":0},"end":{"line":71,"column":4}},"71":{"start":{"line":72,"column":0},"end":{"line":72,"column":42}},"72":{"start":{"line":73,"column":0},"end":{"line":73,"column":17}},"73":{"start":{"line":74,"column":0},"end":{"line":74,"column":12}},"74":{"start":{"line":75,"column":0},"end":{"line":75,"column":62}},"75":{"start":{"line":76,"column":0},"end":{"line":76,"column":5}},"76":{"start":{"line":77,"column":0},"end":{"line":77,"column":4}},"77":{"start":{"line":78,"column":0},"end":{"line":78,"column":18}},"78":{"start":{"line":79,"column":0},"end":{"line":79,"column":23}},"79":{"start":{"line":80,"column":0},"end":{"line":80,"column":40}},"80":{"start":{"line":81,"column":0},"end":{"line":81,"column":5}},"81":{"start":{"line":82,"column":0},"end":{"line":82,"column":4}},"82":{"start":{"line":83,"column":0},"end":{"line":83,"column":38}},"83":{"start":{"line":84,"column":0},"end":{"line":84,"column":4}},"84":{"start":{"line":85,"column":0},"end":{"line":85,"column":18}},"85":{"start":{"line":86,"column":0},"end":{"line":86,"column":34}},"86":{"start":{"line":87,"column":0},"end":{"line":87,"column":5}},"87":{"start":{"line":88,"column":0},"end":{"line":88,"column":4}},"88":{"start":{"line":89,"column":0},"end":{"line":89,"column":35}},"89":{"start":{"line":90,"column":0},"end":{"line":90,"column":38}},"90":{"start":{"line":91,"column":0},"end":{"line":91,"column":41}},"91":{"start":{"line":92,"column":0},"end":{"line":92,"column":37}},"92":{"start":{"line":93,"column":0},"end":{"line":93,"column":34}},"93":{"start":{"line":94,"column":0},"end":{"line":94,"column":5}},"94":{"start":{"line":95,"column":0},"end":{"line":95,"column":4}},"95":{"start":{"line":96,"column":0},"end":{"line":96,"column":43}},"96":{"start":{"line":97,"column":0},"end":{"line":97,"column":23}},"97":{"start":{"line":98,"column":0},"end":{"line":98,"column":45}},"98":{"start":{"line":99,"column":0},"end":{"line":99,"column":63}},"99":{"start":{"line":100,"column":0},"end":{"line":100,"column":6}},"100":{"start":{"line":101,"column":0},"end":{"line":101,"column":62}},"101":{"start":{"line":102,"column":0},"end":{"line":102,"column":6}},"102":{"start":{"line":103,"column":0},"end":{"line":103,"column":28}},"103":{"start":{"line":104,"column":0},"end":{"line":104,"column":5}},"104":{"start":{"line":105,"column":0},"end":{"line":105,"column":4}},"105":{"start":{"line":106,"column":0},"end":{"line":106,"column":32}},"106":{"start":{"line":107,"column":0},"end":{"line":107,"column":3}},"107":{"start":{"line":108,"column":0},"end":{"line":108,"column":1}},"108":{"start":{"line":109,"column":0},"end":{"line":109,"column":0}},"109":{"start":{"line":110,"column":0},"end":{"line":110,"column":22}}},"s":{"0":1,"1":1,"2":1,"3":1,"4":1,"5":0,"6":0,"7":0,"8":0,"9":1,"10":0,"11":0,"12":0,"13":0,"14":0,"15":0,"16":0,"17":0,"18":1,"19":0,"20":0,"21":0,"22":0,"23":0,"24":0,"25":0,"26":0,"27":1,"28":1,"29":1,"30":1,"31":1,"32":1,"33":1,"34":1,"35":1,"36":1,"37":1,"38":1,"39":1,"40":0,"41":0,"42":0,"43":0,"44":0,"45":0,"46":0,"47":0,"48":0,"49":0,"50":0,"51":1,"52":1,"53":0,"54":0,"55":0,"56":1,"57":1,"58":1,"59":1,"60":0,"61":0,"62":0,"63":0,"64":0,"65":0,"66":0,"67":0,"68":0,"69":0,"70":0,"71":0,"72":0,"73":0,"74":0,"75":0,"76":1,"77":1,"78":0,"79":0,"80":0,"81":0,"82":0,"83":0,"84":0,"85":0,"86":0,"87":0,"88":0,"89":0,"90":0,"91":0,"92":0,"93":0,"94":0,"95":0,"96":0,"97":0,"98":0,"99":0,"100":0,"101":0,"102":0,"103":0,"104":0,"105":0,"106":0,"107":1,"108":1,"109":1},"branchMap":{"0":{"type":"branch","line":30,"loc":{"start":{"line":30,"column":45},"end":{"line":30,"column":75}},"locations":[{"start":{"line":30,"column":45},"end":{"line":30,"column":75}}]},"1":{"type":"branch","line":31,"loc":{"start":{"line":31,"column":54},"end":{"line":31,"column":62}},"locations":[{"start":{"line":31,"column":54},"end":{"line":31,"column":62}}]}},"b":{"0":[0],"1":[0]},"fnMap":{"0":{"name":"generateRequestKey","decl":{"start":{"line":6,"column":0},"end":{"line":9,"column":1}},"loc":{"start":{"line":6,"column":0},"end":{"line":9,"column":1}},"line":6},"1":{"name":"addPendingRequest","decl":{"start":{"line":11,"column":0},"end":{"line":18,"column":1}},"loc":{"start":{"line":11,"column":0},"end":{"line":18,"column":1}},"line":11},"2":{"name":"removePendingRequest","decl":{"start":{"line":20,"column":0},"end":{"line":27,"column":1}},"loc":{"start":{"line":20,"column":0},"end":{"line":27,"column":1}},"line":20}},"f":{"0":0,"1":0,"2":0}}
}
